<?xml version="1.0" encoding="UTF-8"?>
<!-- Generated by org.testng.reporters.JUnitReportReporter -->
<testsuite hostname="Garry07" failures="0" tests="6" name="com.apiautomation.LearningAPI.tests.CreateIssueMetaDataTest" time="4.027" errors="0" timestamp="30 Jul. 2023 16:44:30 GMT" skipped="0">
  <testcase classname="com.apiautomation.LearningAPI.tests.CreateIssueMetaDataTest" name="testApiCall" time="0.862"/>
  <testcase classname="com.apiautomation.LearningAPI.tests.CreateIssueMetaDataTest" name="testCreateIssue" time="0.836"/>
  <testcase classname="com.apiautomation.LearningAPI.tests.CreateIssueMetaDataTest" name="extractIssueId" time="0.953"/>
  <testcase classname="com.apiautomation.LearningAPI.tests.CreateIssueMetaDataTest" name="testGetIssueId" time="0.346"/>
  <testcase classname="com.apiautomation.LearningAPI.tests.CreateIssueMetaDataTest" name="testEditIssue" time="0.439"/>
  <testcase classname="com.apiautomation.LearningAPI.tests.CreateIssueMetaDataTest" name="testDeleteIssue" time="0.591"/>
</testsuite> <!-- com.apiautomation.LearningAPI.tests.CreateIssueMetaDataTest -->
